<?xml version="1.0" encoding="UTF-8" standalone="no"?>
<!DOCTYPE log SYSTEM "logger.dtd">
<log>
<record>
  <date>2020-04-03T16:03:11</date>
  <millis>1585926191593</millis>
  <sequence>0</sequence>
  <logger>jMetal</logger>
  <level>INFO</level>
  <class>evochecker.genetic.jmetal.metaheuristics.MOEAD.MOEAD_main</class>
  <method>main</method>
  <thread>1</thread>
  <message>Total execution time: 869ms</message>
</record>
<record>
  <date>2020-04-03T16:03:11</date>
  <millis>1585926191613</millis>
  <sequence>1</sequence>
  <logger>jMetal</logger>
  <level>INFO</level>
  <class>evochecker.genetic.jmetal.metaheuristics.MOEAD.MOEAD_main</class>
  <method>main</method>
  <thread>1</thread>
  <message>Objectives values have been writen to file FUN</message>
</record>
<record>
  <date>2020-04-03T16:03:11</date>
  <millis>1585926191621</millis>
  <sequence>2</sequence>
  <logger>jMetal</logger>
  <level>INFO</level>
  <class>evochecker.genetic.jmetal.metaheuristics.MOEAD.MOEAD_main</class>
  <method>main</method>
  <thread>1</thread>
  <message>Variables values have been writen to file VAR</message>
</record>
</log>
