<?xml version="1.0" encoding="UTF-8" standalone="no"?>
<!DOCTYPE log SYSTEM "logger.dtd">
<log>
<record>
  <date>2020-04-20T19:05:58</date>
  <millis>1587405958648</millis>
  <sequence>0</sequence>
  <logger>jMetal</logger>
  <level>INFO</level>
  <class>evochecker.genetic.jmetal.metaheuristics.MOEAD.pMOEAD_main</class>
  <method>main</method>
  <thread>1</thread>
  <message>Total execution time: 1016 ms</message>
</record>
<record>
  <date>2020-04-20T19:05:58</date>
  <millis>1587405958667</millis>
  <sequence>1</sequence>
  <logger>jMetal</logger>
  <level>INFO</level>
  <class>evochecker.genetic.jmetal.metaheuristics.MOEAD.pMOEAD_main</class>
  <method>main</method>
  <thread>1</thread>
  <message>Objectives values have been writen to file FUN</message>
</record>
<record>
  <date>2020-04-20T19:05:58</date>
  <millis>1587405958674</millis>
  <sequence>2</sequence>
  <logger>jMetal</logger>
  <level>INFO</level>
  <class>evochecker.genetic.jmetal.metaheuristics.MOEAD.pMOEAD_main</class>
  <method>main</method>
  <thread>1</thread>
  <message>Variables values have been writen to file VAR</message>
</record>
</log>
